<?xml version="1.0" encoding="UTF-8"?>
<!-- Generated by org.testng.reporters.JUnitReportReporter -->
<testsuite hostname="ESLLAP-3111" failures="0" tests="29" name="runner.TestRunner" time="0.450" errors="0" timestamp="2023-11-29T11:41:54 IST" skipped="0">
  <testcase classname="runner.TestRunner" name="runScenario" time="0.009"/>
  <testcase classname="runner.TestRunner" name="runScenario" time="0.008"/>
  <testcase classname="runner.TestRunner" name="runScenario" time="0.012"/>
  <testcase classname="runner.TestRunner" name="runScenario" time="0.015"/>
  <testcase classname="runner.TestRunner" name="runScenario" time="0.008"/>
  <testcase classname="runner.TestRunner" name="runScenario" time="0.008"/>
  <testcase classname="runner.TestRunner" name="runScenario" time="0.006"/>
  <testcase classname="runner.TestRunner" name="runScenario" time="0.010"/>
  <testcase classname="runner.TestRunner" name="runScenario" time="0.007"/>
  <testcase classname="runner.TestRunner" name="runScenario" time="0.008"/>
  <testcase classname="runner.TestRunner" name="runScenario" time="0.188"/>
  <testcase classname="runner.TestRunner" name="runScenario" time="0.012"/>
  <testcase classname="runner.TestRunner" name="runScenario" time="0.009"/>
  <testcase classname="runner.TestRunner" name="runScenario" time="0.007"/>
  <testcase classname="runner.TestRunner" name="runScenario" time="0.008"/>
  <testcase classname="runner.TestRunner" name="runScenario" time="0.009"/>
  <testcase classname="runner.TestRunner" name="runScenario" time="0.014"/>
  <testcase classname="runner.TestRunner" name="runScenario" time="0.006"/>
  <testcase classname="runner.TestRunner" name="runScenario" time="0.009"/>
  <testcase classname="runner.TestRunner" name="runScenario" time="0.016"/>
  <testcase classname="runner.TestRunner" name="runScenario" time="0.007"/>
  <testcase classname="runner.TestRunner" name="runScenario" time="0.008"/>
  <testcase classname="runner.TestRunner" name="runScenario" time="0.008"/>
  <testcase classname="runner.TestRunner" name="runScenario" time="0.008"/>
  <testcase classname="runner.TestRunner" name="runScenario" time="0.006"/>
  <testcase classname="runner.TestRunner" name="runScenario" time="0.011"/>
  <testcase classname="runner.TestRunner" name="runScenario" time="0.007"/>
  <testcase classname="runner.TestRunner" name="runScenario" time="0.012"/>
  <testcase classname="runner.TestRunner" name="runScenario" time="0.014"/>
</testsuite> <!-- runner.TestRunner -->
